2014-05-26T22:49:48.130Z (20)  New max[1]: [1] = 4 QS: 0
2014-05-26T22:49:48.131Z (21)  New max[2]: [1, 3] = 8 QS: 2
2014-05-26T22:49:48.131Z (21)  New max[3]: [1, 3, 4] = 13 QS: 6
2014-05-26T22:49:48.131Z (21)  New max[4]: [1, 3, 4, 13] = 22 QS: 14
2014-05-26T22:49:48.131Z (21)  New max[5]: [1, 3, 4, 13, 20] = 31 QS: 22
2014-05-26T22:49:48.131Z (21)  New max[6]: [1, 3, 4, 13, 20, 30] = 42 QS: 32
2014-05-26T22:49:48.131Z (21)  New max[7]: [1, 3, 4, 13, 20, 30, 41] = 52 QS: 43
2014-05-26T22:49:48.131Z (21)  New max[8]: [1, 3, 4, 13, 20, 30, 41, 45] = 77 QS: 53
2014-05-26T22:49:48.132Z (22)  New max[9]: [1, 3, 4, 13, 20, 30, 41, 45, 47] = 100 QS: 84
2014-05-26T22:49:48.132Z (22)  New max[10]: [1, 3, 4, 13, 20, 30, 41, 45, 47, 55] = 117 QS: 136
2014-05-26T22:49:48.133Z (23)  New max[11]: [1, 3, 4, 13, 20, 30, 41, 45, 47, 55, 74] = 136 QS: 197
2014-05-26T22:49:48.134Z (24)  New max[12]: [1, 3, 4, 13, 20, 30, 41, 45, 47, 55, 74, 95] = 158 QS: 258
2014-05-26T22:49:48.135Z (25)  New max[13]: [1, 3, 4, 13, 20, 30, 41, 45, 47, 55, 74, 95, 125] = 188 QS: 320
2014-05-26T22:49:48.136Z (26)  New max[14]: [1, 3, 4, 13, 20, 30, 41, 45, 47, 55, 74, 95, 125, 158] = 228 QS: 382
2014-05-26T22:49:48.137Z (27)  New max[15]: [1, 3, 4, 13, 20, 30, 41, 45, 47, 55, 74, 95, 125, 158, 183] = 247 QS: 451
2014-05-26T22:49:48.137Z (27)  New max[16]: [1, 3, 4, 13, 20, 30, 41, 45, 47, 55, 74, 95, 125, 158, 183, 201] = 274 QS: 514
2014-05-26T22:49:48.137Z (27)  New max[17]: [1, 3, 4, 13, 20, 30, 41, 45, 47, 55, 74, 95, 125, 158, 183, 201, 232] = 335 QS: 586
2014-05-26T22:49:48.138Z (28)  New max[18]: [1, 3, 4, 13, 20, 30, 41, 45, 47, 55, 74, 95, 125, 158, 183, 201, 232, 305] = 417 QS: 688
2014-05-26T22:49:48.139Z (29)  New max[19]: [1, 3, 4, 13, 20, 30, 41, 45, 47, 55, 74, 95, 125, 158, 183, 201, 232, 305, 377] = 486 QS: 799
2014-05-26T22:49:48.139Z (29)  New max[20]: [1, 3, 4, 13, 20, 30, 41, 45, 47, 55, 74, 95, 125, 158, 183, 201, 232, 305, 377, 466] = 523 QS: 907
2014-05-26T22:49:48.140Z (30)  New max[21]: [1, 3, 4, 13, 20, 30, 41, 45, 47, 55, 74, 95, 125, 158, 183, 201, 232, 305, 377, 466, 522] = 575 QS: 963
2014-05-26T22:49:48.140Z (30)  New max[22]: [1, 3, 4, 13, 20, 30, 41, 45, 47, 55, 74, 95, 125, 158, 183, 201, 232, 305, 377, 466, 522, 555] = 661 QS: 1015
2014-05-26T22:49:48.141Z (31)  New max[23]: [1, 3, 4, 13, 20, 30, 41, 45, 47, 55, 74, 95, 125, 158, 183, 201, 232, 305, 377, 466, 522, 555, 620] = 731 QS: 1120
2014-05-26T22:49:48.142Z (32)  New max[24]: [1, 3, 4, 13, 20, 30, 41, 45, 47, 55, 74, 95, 125, 158, 183, 201, 232, 305, 377, 466, 522, 555, 620, 698] = 814 QS: 1230
2014-05-26T22:49:48.143Z (33)  New max[25]: [1, 3, 4, 13, 20, 30, 41, 45, 47, 55, 74, 95, 125, 158, 183, 201, 232, 305, 377, 466, 522, 555, 620, 698, 770] = 839 QS: 1345
2014-05-26T22:49:48.147Z (37)  New max[25]: [1, 3, 4, 13, 20, 30, 41, 45, 47, 55, 74, 95, 125, 158, 183, 201, 232, 305, 377, 466, 522, 555, 620, 686, 735] = 859 QS: 1343
2014-05-26T22:49:48.160Z (50)  New max[25]: [1, 3, 4, 13, 20, 30, 41, 45, 47, 55, 74, 95, 125, 158, 183, 201, 232, 305, 377, 466, 522, 555, 620, 633, 740] = 867 QS: 1316
2014-05-26T22:49:48.220Z (110)  New max[25]: [1, 3, 4, 13, 20, 30, 41, 45, 47, 55, 74, 95, 125, 158, 183, 201, 232, 305, 377, 466, 522, 555, 661, 688, 727] = 870 QS: 1267
2014-05-26T22:49:48.228Z (118)  New max[25]: [1, 3, 4, 13, 20, 30, 41, 45, 47, 55, 74, 95, 125, 158, 183, 201, 232, 305, 377, 466, 522, 555, 617, 714, 750] = 877 QS: 1403
2014-05-26T22:49:48.257Z (147)  New max[25]: [1, 3, 4, 13, 20, 30, 41, 45, 47, 55, 74, 95, 125, 158, 183, 201, 232, 305, 377, 466, 522, 555, 579, 727, 772] = 878 QS: 1565
2014-05-26T22:49:48.427Z (317)  New max[25]: [1, 3, 4, 13, 20, 30, 41, 45, 47, 55, 74, 95, 125, 158, 183, 201, 232, 305, 377, 466, 522, 555, 619, 649, 688] = 886 QS: 1737
2014-05-26T22:49:48.437Z (327)  New max[24]: [1, 3, 4, 13, 20, 30, 41, 45, 47, 55, 74, 95, 125, 158, 183, 201, 232, 305, 377, 466, 522, 555, 601, 698] = 820 QS: 1227
2014-05-26T22:49:48.440Z (330)  New max[25]: [1, 3, 4, 13, 20, 30, 41, 45, 47, 55, 74, 95, 125, 158, 183, 201, 232, 305, 377, 466, 522, 555, 601, 698, 787] = 892 QS: 1348
2014-05-26T22:49:50.285Z (2175)  New max[25]: [1, 3, 4, 13, 20, 30, 41, 45, 47, 55, 74, 95, 125, 158, 183, 201, 232, 305, 377, 466, 522, 555, 632, 656, 739] = 893 QS: 2021
2014-05-26T22:49:50.907Z (2797)  New max[24]: [1, 3, 4, 13, 20, 30, 41, 45, 47, 55, 74, 95, 125, 158, 183, 201, 232, 305, 377, 466, 522, 544, 601, 658] = 835 QS: 1503
2014-05-26T22:49:50.908Z (2798)  New max[25]: [1, 3, 4, 13, 20, 30, 41, 45, 47, 55, 74, 95, 125, 158, 183, 201, 232, 305, 377, 466, 522, 544, 601, 658, 777] = 895 QS: 1679
2014-05-26T22:49:52.161Z (4051)  New max[23]: [1, 3, 4, 13, 20, 30, 41, 45, 47, 55, 74, 95, 125, 158, 183, 201, 232, 305, 377, 466, 522, 527, 574] = 766 QS: 1200
2014-05-26T22:49:52.274Z (4164)  New max[25]: [1, 3, 4, 13, 20, 30, 41, 45, 47, 55, 74, 95, 125, 158, 183, 201, 232, 305, 377, 466, 522, 527, 584, 689, 770] = 897 QS: 1504
2014-05-26T22:49:52.375Z (4265)  New max[25]: [1, 3, 4, 13, 20, 30, 41, 45, 47, 55, 74, 95, 125, 158, 183, 201, 232, 305, 377, 466, 522, 527, 619, 672, 770] = 909 QS: 1445
2014-05-26T22:49:52.380Z (4270)  New max[25]: [1, 3, 4, 13, 20, 30, 41, 45, 47, 55, 74, 95, 125, 158, 183, 201, 232, 305, 377, 466, 522, 527, 619, 659, 698] = 910 QS: 1540
2014-05-26T22:50:04.390Z (16280)  New max[25]: [1, 3, 4, 13, 20, 30, 41, 45, 47, 55, 74, 95, 125, 158, 183, 201, 232, 305, 377, 466, 522, 528, 618, 625, 690] = 913 QS: 1979
2014-05-26T22:50:06.405Z (18295)  New max[25]: [1, 3, 4, 13, 20, 30, 41, 45, 47, 55, 74, 95, 125, 158, 183, 201, 232, 305, 377, 466, 522, 535, 618, 665, 809] = 920 QS: 1718
2014-05-26T22:50:08.663Z (20553)  New max[24]: [1, 3, 4, 13, 20, 30, 41, 45, 47, 55, 74, 95, 125, 158, 183, 201, 232, 305, 377, 466, 522, 562, 575, 601] = 855 QS: 1649
2014-05-26T22:50:09.901Z (21791)  New max[25]: [1, 3, 4, 13, 20, 30, 41, 45, 47, 55, 74, 95, 125, 158, 183, 201, 232, 305, 377, 466, 522, 530, 616, 632, 714] = 923 QS: 3240
2014-05-26T22:53:10.262Z (202152)  New max[22]: [1, 3, 4, 13, 20, 30, 41, 45, 47, 55, 74, 95, 125, 158, 183, 201, 232, 305, 377, 466, 500, 522] = 663 QS: 1166
2014-05-26T22:55:00.596Z (312486)  New max[22]: [1, 3, 4, 13, 20, 30, 41, 45, 47, 55, 74, 95, 125, 158, 183, 201, 232, 305, 377, 466, 489, 555] = 666 QS: 1483
2014-05-26T22:56:34.246Z (406136)  New max[25]: [1, 3, 4, 13, 20, 30, 41, 45, 47, 55, 74, 95, 125, 158, 183, 201, 232, 305, 377, 466, 499, 555, 617, 658, 747] = 924 QS: 4397
2014-05-26T23:02:54.405Z (786295)  New max[25]: [1, 3, 4, 13, 20, 30, 41, 45, 47, 55, 74, 95, 125, 158, 183, 201, 232, 305, 377, 466, 517, 523, 545, 600, 689] = 928 QS: 1866
