E:\Projects\darts-bb>tail -f out.log
2014-05-24T22:04:48.256Z (142)  New max[24]: [1, 3, 4, 13, 20, 30, 41, 45, 47, 55, 74, 95, 125, 158, 183, 201, 232, 305, 377, 466, 522, 555, 620, 698] = 814 QS: 1230
2014-05-24T22:04:48.265Z (151)  New max[25]: [1, 3, 4, 13, 20, 30, 41, 45, 47, 55, 74, 95, 125, 158, 183, 201, 232, 305, 377, 466, 522, 555, 620, 698, 770] = 839 QS: 1345
2014-05-24T22:04:48.283Z (169)  New max[25]: [1, 3, 4, 13, 20, 30, 41, 45, 47, 55, 74, 95, 125, 158, 183, 201, 232, 305, 377, 466, 522, 555, 620, 686, 735] = 859 QS: 1343
2014-05-24T22:04:48.368Z (254)  New max[25]: [1, 3, 4, 13, 20, 30, 41, 45, 47, 55, 74, 95, 125, 158, 183, 201, 232, 305, 377, 466, 522, 555, 620, 633, 740] = 867 QS: 1316
2014-05-24T22:04:48.793Z (679)  New max[25]: [1, 3, 4, 13, 20, 30, 41, 45, 47, 55, 74, 95, 125, 158, 183, 201, 232, 305, 377, 466, 522, 555, 661, 688, 727] = 870 QS: 1267
2014-05-24T22:04:48.873Z (759)  New max[25]: [1, 3, 4, 13, 20, 30, 41, 45, 47, 55, 74, 95, 125, 158, 183, 201, 232, 305, 377, 466, 522, 555, 617, 714, 750] = 877 QS: 1403
2014-05-24T22:04:49.147Z (1033)  New max[25]: [1, 3, 4, 13, 20, 30, 41, 45, 47, 55, 74, 95, 125, 158, 183, 201, 232, 305, 377, 466, 522, 555, 579, 727, 772] = 878 QS: 1565
2014-05-24T22:04:50.846Z (2732)  New max[25]: [1, 3, 4, 13, 20, 30, 41, 45, 47, 55, 74, 95, 125, 158, 183, 201, 232, 305, 377, 466, 522, 555, 619, 649, 688] = 886 QS: 1737
2014-05-24T22:04:50.963Z (2849)  New max[24]: [1, 3, 4, 13, 20, 30, 41, 45, 47, 55, 74, 95, 125, 158, 183, 201, 232, 305, 377, 466, 522, 555, 601, 698] = 820 QS: 1227
2014-05-24T22:04:50.971Z (2857)  New max[25]: [1, 3, 4, 13, 20, 30, 41, 45, 47, 55, 74, 95, 125, 158, 183, 201, 232, 305, 377, 466, 522, 555, 601, 698, 787] = 892 QS: 1348
2014-05-24T22:05:09.312Z (21198)  New max[25]: [1, 3, 4, 13, 20, 30, 41, 45, 47, 55, 74, 95, 125, 158, 183, 201, 232, 305, 377, 466, 522, 555, 632, 656, 739] = 893 QS: 2021
2014-05-24T22:05:16.208Z (28094)  New max[24]: [1, 3, 4, 13, 20, 30, 41, 45, 47, 55, 74, 95, 125, 158, 183, 201, 232, 305, 377, 466, 522, 544, 601, 658] = 835 QS: 1503
2014-05-24T22:05:16.220Z (28106)  New max[25]: [1, 3, 4, 13, 20, 30, 41, 45, 47, 55, 74, 95, 125, 158, 183, 201, 232, 305, 377, 466, 522, 544, 601, 658, 777] = 895 QS: 1679
2014-05-24T22:05:30.080Z (41966)  New max[23]: [1, 3, 4, 13, 20, 30, 41, 45, 47, 55, 74, 95, 125, 158, 183, 201, 232, 305, 377, 466, 522, 527, 574] = 766 QS: 1200
2014-05-24T22:05:31.419Z (43305)  New max[25]: [1, 3, 4, 13, 20, 30, 41, 45, 47, 55, 74, 95, 125, 158, 183, 201, 232, 305, 377, 466, 522, 527, 584, 689, 770] = 897 QS: 1504
2014-05-24T22:05:32.625Z (44511)  New max[25]: [1, 3, 4, 13, 20, 30, 41, 45, 47, 55, 74, 95, 125, 158, 183, 201, 232, 305, 377, 466, 522, 527, 619, 672, 770] = 909 QS: 1445
2014-05-24T22:05:32.684Z (44570)  New max[25]: [1, 3, 4, 13, 20, 30, 41, 45, 47, 55, 74, 95, 125, 158, 183, 201, 232, 305, 377, 466, 522, 527, 619, 659, 698] = 910 QS: 1540
2014-05-24T22:07:55.391Z (187277)  New max[25]: [1, 3, 4, 13, 20, 30, 41, 45, 47, 55, 74, 95, 125, 158, 183, 201, 232, 305, 377, 466, 522, 528, 618, 625, 690] = 913 QS: 1979
2014-05-24T22:08:19.264Z (211150)  New max[25]: [1, 3, 4, 13, 20, 30, 41, 45, 47, 55, 74, 95, 125, 158, 183, 201, 232, 305, 377, 466, 522, 535, 618, 665, 809] = 920 QS: 1718
2014-05-24T22:08:45.905Z (237791)  New max[24]: [1, 3, 4, 13, 20, 30, 41, 45, 47, 55, 74, 95, 125, 158, 183, 201, 232, 305, 377, 466, 522, 562, 575, 601] = 855 QS: 1649
2014-05-24T22:09:00.403Z (252289)  New max[25]: [1, 3, 4, 13, 20, 30, 41, 45, 47, 55, 74, 95, 125, 158, 183, 201, 232, 305, 377, 466, 522, 530, 616, 632, 714] = 923 QS: 3240
2014-05-24T22:47:22.813Z (2554699)  New max[22]: [1, 3, 4, 13, 20, 30, 41, 45, 47, 55, 74, 95, 125, 158, 183, 201, 232, 305, 377, 466, 500, 522] = 663 QS: 1166
2014-05-24T23:10:22.490Z (3934376)  New max[22]: [1, 3, 4, 13, 20, 30, 41, 45, 47, 55, 74, 95, 125, 158, 183, 201, 232, 305, 377, 466, 489, 555] = 666 QS: 1483
2014-05-24T23:30:06.614Z (5118500)  New max[25]: [1, 3, 4, 13, 20, 30, 41, 45, 47, 55, 74, 95, 125, 158, 183, 201, 232, 305, 377, 466, 499, 555, 617, 658, 747] = 924 QS: 4397
2014-05-25T00:47:23.100Z (9754986)  New max[25]: [1, 3, 4, 13, 20, 30, 41, 45, 47, 55, 74, 95, 125, 158, 183, 201, 232, 305, 377, 466, 517, 523, 545, 600, 689] = 928 QS: 1866
2014-05-25T01:00:46.819Z (10558705)  New max[25]: [1, 3, 4, 13, 20, 30, 41, 45, 47, 55, 74, 95, 125, 158, 183, 201, 232, 305, 377, 466, 523, 545, 602, 671, 768] = 931 QS: 1971
2014-05-25T04:26:51.633Z (22923519)  New max[21]: [1, 3, 4, 13, 20, 30, 41, 45, 47, 55, 74, 95, 125, 158, 183, 201, 232, 305, 377, 470, 500] = 593 QS: 978
2014-05-25T05:00:13.078Z (24924964)  New max[24]: [1, 3, 4, 13, 20, 30, 41, 45, 47, 55, 74, 95, 125, 158, 183, 201, 232, 305, 377, 470, 479, 569, 605, 738] = 868 QS: 5726
2014-05-25T11:03:25.239Z (46717125)  New max[25]: [1, 3, 4, 13, 20, 30, 41, 45, 47, 55, 74, 95, 125, 158, 183, 201, 232, 305, 377, 470, 496, 500, 589, 703, 723] = 950 QS: 1504
2014-05-25T17:03:06.065Z (68297951)  New max[23]: [1, 3, 4, 13, 20, 30, 41, 45, 47, 55, 74, 95, 125, 158, 183, 201, 232, 305, 377, 469, 508, 528, 641] = 771 QS: 2817
2014-05-26T17:47:20.299Z (157352185)  New max[22]: [1, 3, 4, 13, 20, 30, 41, 45, 47, 55, 74, 95, 125, 158, 183, 201, 232, 305, 377, 456, 478, 553] = 667 QS: 1121
2014-05-26T19:32:32.915Z (163664801)  New max[22]: [1, 3, 4, 13, 20, 30, 41, 45, 47, 55, 74, 95, 125, 158, 183, 201, 232, 305, 377, 456, 497, 553] = 690 QS: 8358
2014-05-26T19:33:21.310Z (163713196)  New max[24]: [1, 3, 4, 13, 20, 30, 41, 45, 47, 55, 74, 95, 125, 158, 183, 201, 232, 305, 377, 456, 497, 546, 632, 740] = 891 QS: 8567
2014-05-26T20:27:29.088Z (166960974)  New max[25]: [1, 3, 4, 13, 20, 30, 41, 45, 47, 55, 74, 95, 125, 158, 183, 201, 232, 305, 377, 456, 459, 509, 546, 599, 698] = 952 QS: 7980



